<?xml version="1.0" encoding="UTF-8"?>
<testng-results ignored="0" total="1" passed="1" failed="0" skipped="0">
  <reporter-output>
  </reporter-output>
  <suite started-at="2025-08-05T15:17:27 IST" name="Default suite" finished-at="2025-08-05T15:17:40 IST" duration-ms="12908">
    <groups>
    </groups>
    <test started-at="2025-08-05T15:17:27 IST" name="Default test" finished-at="2025-08-05T15:17:40 IST" duration-ms="12908">
      <class name="com.inetbanking.testcases.TC_LoginTest_001">
        <test-method is-config="true" signature="setUp()[pri:0, instance:com.inetbanking.testcases.TC_LoginTest_001@702657cc]" started-at="2025-08-05T15:17:27 IST" name="setUp" finished-at="2025-08-05T15:17:32 IST" duration-ms="4381" status="PASS">
          <reporter-output>
          </reporter-output>
        </test-method> <!-- setUp -->
        <test-method signature="loginTest()[pri:0, instance:com.inetbanking.testcases.TC_LoginTest_001@702657cc]" started-at="2025-08-05T15:17:32 IST" name="loginTest" finished-at="2025-08-05T15:17:40 IST" duration-ms="8201" status="PASS">
          <reporter-output>
          </reporter-output>
        </test-method> <!-- loginTest -->
        <test-method is-config="true" signature="tearDown()[pri:0, instance:com.inetbanking.testcases.TC_LoginTest_001@702657cc]" started-at="2025-08-05T15:17:40 IST" name="tearDown" finished-at="2025-08-05T15:17:40 IST" duration-ms="260" status="PASS">
          <reporter-output>
          </reporter-output>
        </test-method> <!-- tearDown -->
      </class> <!-- com.inetbanking.testcases.TC_LoginTest_001 -->
    </test> <!-- Default test -->
  </suite> <!-- Default suite -->
</testng-results>
